This is pdfTeX, Version 3.14159265-2.6-1.40.18 (TeX Live 2017/Debian) (preloaded format=prv_prob 2018.11.2)  2 NOV 2018 17:28
entering extended mode
 restricted \write18 enabled.
 %&-line parsing enabled.
**&prv_prob prob.tex
(./prob.tex
LaTeX2e <2017-04-15>
Babel <3.18> and hyphenation patterns for 84 language(s) loaded.
CUSTOMISED FORMAT. Preloaded files:
        .
 article.cls    2014/09/29 v1.4h Standard LaTeX document class
  size10.clo    2014/09/29 v1.4h Standard LaTeX file (size option)
inputenc.sty    2015/03/17 v1.2c Input encoding file
    utf8.def    2017/01/28 v1.1t UTF-8 support for inputenc
   t1enc.dfu    2017/01/28 v1.1t UTF-8 support for inputenc
  ot1enc.dfu    2017/01/28 v1.1t UTF-8 support for inputenc
  omsenc.dfu    2017/01/28 v1.1t UTF-8 support for inputenc
 fontenc.sty
   t1enc.def    2017/04/05 v2.0i Standard LaTeX file
fixltx2e.sty    2016/12/29 v2.1a fixes to LaTeX (obsolete)
graphicx.sty    2017/06/01 v1.1a Enhanced LaTeX Graphics (DPC,SPQR)
  keyval.sty    2014/10/28 v1.15 key=value parser (DPC)
graphics.sty    2017/06/25 v1.2c Standard LaTeX Graphics (DPC,SPQR)
    trig.sty    2016/01/03 v1.10 sin cos tan (DPC)
graphics.cfg    2016/06/04 v1.11 sample graphics configuration
  pdftex.def    2018/01/08 v1.0l Graphics/color driver for pdftex
longtable.sty    2014/10/28 v4.11 Multi-page Table package (DPC)
   float.sty    2001/11/08 v1.3d Float enhancements (AL)
 wrapfig.sty    2003/01/31  v 3.6
rotating.sty    2016/08/11 v2.16d rotated objects in LaTeX
  ifthen.sty    2014/09/29 v1.1c Standard LaTeX ifthen package (DPC)
    ulem.sty    2012/05/18
 amsmath.sty    2017/09/02 v2.17a AMS math features
 amstext.sty    2000/06/29 v2.01 AMS text
  amsgen.sty    1999/11/30 v2.0 generic functions
  amsbsy.sty    1999/11/29 v1.2d Bold Symbols
  amsopn.sty    2016/03/08 v2.02 operator names
textcomp.sty    2017/04/05 v2.0i Standard LaTeX package
  ts1enc.def    2001/06/05 v3.0e (jk/car/fm) Standard LaTeX file
  ts1enc.dfu    2017/01/28 v1.1t UTF-8 support for inputenc
marvosym.sty    2011/07/20 v2.2 Martin Vogel's Symbols font definitions
 wasysym.sty    2003/10/30 v2.0 Wasy-2 symbol support package
 amssymb.sty    2013/01/14 v3.01 AMS font symbols
amsfonts.sty    2013/01/14 v3.01 Basic AMSFonts support
hyperref.sty    2018/02/06 v6.86b Hypertext links for LaTeX
hobsub-hyperref.sty    2016/05/16 v1.14 Bundle oberdiek, subset hyperref (HO)
hobsub-generic.sty    2016/05/16 v1.14 Bundle oberdiek, subset generic (HO)
  hobsub.sty    2016/05/16 v1.14 Construct package bundles (HO)
infwarerr.sty    2016/05/16 v1.4 Providing info/warning/error messages (HO)
 ltxcmds.sty    2016/05/16 v1.23 LaTeX kernel commands for general use (HO)
ifluatex.sty    2016/05/16 v1.4 Provides the ifluatex switch (HO)
  ifvtex.sty    2016/05/16 v1.6 Detect VTeX and its facilities (HO)
 intcalc.sty    2016/05/16 v1.2 Expandable calculations with integers (HO)
   ifpdf.sty    2017/03/15 v3.2 Provides the ifpdf switch
etexcmds.sty    2016/05/16 v1.6 Avoid name clashes with e-TeX commands (HO)
kvsetkeys.sty    2016/05/16 v1.17 Key value parser (HO)
kvdefinekeys.sty    2016/05/16 v1.4 Define keys (HO)
pdftexcmds.sty    2018/01/21 v0.26 Utility functions of pdfTeX for LuaTeX (HO)
pdfescape.sty    2016/05/16 v1.14 Implements pdfTeX's escape features (HO)
bigintcalc.sty    2016/05/16 v1.4 Expandable calculations on big integers (HO)
  bitset.sty    2016/05/16 v1.2 Handle bit-vector datatype (HO)
uniquecounter.sty    2016/05/16 v1.3 Provide unlimited unique counter (HO)
letltxmacro.sty    2016/05/16 v1.5 Let assignment for LaTeX macros (HO)
 hopatch.sty    2016/05/16 v1.3 Wrapper for package hooks (HO)
xcolor-patch.sty    2016/05/16 xcolor patch
atveryend.sty    2016/05/16 v1.9 Hooks at the very end of document (HO)
atbegshi.sty    2016/06/09 v1.18 At begin shipout hook (HO)
refcount.sty    2016/05/16 v3.5 Data extraction from label references (HO)
 hycolor.sty    2016/05/16 v1.8 Color options for hyperref/bookmark (HO)
 ifxetex.sty    2010/09/12 v0.6 Provides ifxetex conditional
 auxhook.sty    2016/05/16 v1.4 Hooks for auxiliary files (HO)
kvoptions.sty    2016/05/16 v3.12 Key value format for package options (HO)
  pd1enc.def    2018/02/06 v6.86b Hyperref: PDFDocEncoding definition (HO)
hyperref.cfg    2002/06/06 v1.2 hyperref configuration of TeXLive
     url.sty    2013/09/16  ver 3.4  Verb mode for urls, etc.
 hpdftex.def    2018/02/06 v6.86b Hyperref driver for pdfTeX
rerunfilecheck.sty    2016/05/16 v1.8 Rerun checks for auxiliary files (HO)
   uwasy.fd    2003/10/30 v2.0 Wasy-2 symbol font definitions
    umsa.fd    2013/01/14 v3.01 AMS symbols A
    umsb.fd    2013/01/14 v3.01 AMS symbols B
  t1cmtt.fd    2014/09/29 v2.5h Standard LaTeX font definitions
  t1cmss.fd    2014/09/29 v2.5h Standard LaTeX font definitions
        .
(./prob.aux)
LaTeX Font Info:    Checking defaults for OML/cmm/m/it on input line 26.
LaTeX Font Info:    ... okay on input line 26.
LaTeX Font Info:    Checking defaults for T1/cmr/m/n on input line 26.
LaTeX Font Info:    ... okay on input line 26.
LaTeX Font Info:    Checking defaults for OT1/cmr/m/n on input line 26.
LaTeX Font Info:    ... okay on input line 26.
LaTeX Font Info:    Checking defaults for OMS/cmsy/m/n on input line 26.
LaTeX Font Info:    ... okay on input line 26.
LaTeX Font Info:    Checking defaults for OMX/cmex/m/n on input line 26.
LaTeX Font Info:    ... okay on input line 26.
LaTeX Font Info:    Checking defaults for U/cmr/m/n on input line 26.
LaTeX Font Info:    ... okay on input line 26.
LaTeX Font Info:    Checking defaults for TS1/cmr/m/n on input line 26.
LaTeX Font Info:    Try loading font information for TS1+cmr on input line 26.
 (/usr/share/texlive/texmf-dist/tex/latex/base/ts1cmr.fd
File: ts1cmr.fd 2014/09/29 v2.5h Standard LaTeX font definitions
)
LaTeX Font Info:    ... okay on input line 26.
LaTeX Font Info:    Checking defaults for PD1/pdf/m/n on input line 26.
LaTeX Font Info:    ... okay on input line 26.
 (/home/christian/.emacs.d/elpa/auctex-12.1.1/latex/preview.sty
Package: preview 2017/04/24 12.1 (AUCTeX/preview-latex)
 (/usr/share/texlive/texmf-dist/tex/generic/luatex85/luatex85.sty
Package: luatex85 2016/06/15 v1.4 pdftex aliases for luatex
) (/home/christian/.emacs.d/elpa/auctex-12.1.1/latex/prtightpage.def
\PreviewBorder=\dimen124
) (/home/christian/.emacs.d/elpa/auctex-12.1.1/latex/prauctex.def
No auxiliary output files.


\hbadness=\count118
\hfuzz=\dimen125
(/home/christian/.emacs.d/elpa/auctex-12.1.1/latex/prauctex.cfg)) (/home/christian/.emacs.d/elpa/auctex-12.1.1/latex/prfootnotes.def)
\pr@snippet=\count119
\pr@box=\box39
\pr@output=\toks28

Preview: Fontsize 10pt
Preview: PDFoutput 1
) (/usr/share/texlive/texmf-dist/tex/context/base/mkii/supp-pdf.mkii
[Loading MPS to PDF converter (version 2006.09.02).]
\scratchcounter=\count120
\scratchdimen=\dimen126
\scratchbox=\box40
\nofMPsegments=\count121
\nofMParguments=\count122
\everyMPshowfont=\toks29
\MPscratchCnt=\count123
\MPscratchDim=\dimen127
\MPnumerator=\count124
\makeMPintoPDFobject=\count125
\everyMPtoPDFconversion=\toks30
) (/usr/share/texlive/texmf-dist/tex/latex/oberdiek/epstopdf-base.sty
Package: epstopdf-base 2016/05/15 v2.6 Base part for package epstopdf
 (/usr/share/texlive/texmf-dist/tex/latex/oberdiek/grfext.sty
Package: grfext 2016/05/16 v1.2 Manage graphics extensions (HO)
)
Package epstopdf-base Info: Redefining graphics rule for `.eps' on input line 438.
Package grfext Info: Graphics extension search list:
(grfext)             [.pdf,.png,.jpg,.mps,.jpeg,.jbig2,.jb2,.PDF,.PNG,.JPG,.JPEG,.JBIG2,.JB2,.eps]
(grfext)             \AppendGraphicsExtensions on input line 456.
 (/usr/share/texlive/texmf-dist/tex/latex/latexconfig/epstopdf-sys.cfg
File: epstopdf-sys.cfg 2010/07/13 v1.3 Configuration of (r)epstopdf for TeX Live
))
\AtBeginShipoutBox=\box41
Package hyperref Info: Link coloring OFF on input line 26.
 (/usr/share/texlive/texmf-dist/tex/latex/hyperref/nameref.sty
Package: nameref 2016/05/21 v2.44 Cross-referencing by name of section
 (/usr/share/texlive/texmf-dist/tex/generic/oberdiek/gettitlestring.sty
Package: gettitlestring 2016/05/16 v1.5 Cleanup title references (HO)
)
\c@section@level=\count126
)
LaTeX Info: Redefining \ref on input line 26.
LaTeX Info: Redefining \pageref on input line 26.
LaTeX Info: Redefining \nameref on input line 26.
 (./prob.out) (./prob.out)
! Preview: Snippet 1 started.
<-><->
      
l.29 \section
             *{Problemstilling}
Not a real error.

Preview: Tightpage -32891 -32891 32891 32891
! Preview: Snippet 1 ended.(651269+183455x22609920).
<-><->
      
l.29 \section*{Problemstilling}
                               
Not a real error.

[1{/var/lib/texmf/fonts/map/pdftex/updmap/pdftex.map}]
! Preview: Snippet 2 started.
<-><->
      
l.43 \section
             *{Hvorfor denne problemstillingen?}
Not a real error.

! Preview: Snippet 2 ended.(651269+183455x22609920).
<-><->
      
l.43 \section*{Hvorfor denne problemstillingen?}
                                                
Not a real error.

[2]
! Preview: Snippet 3 started.
<-><->
      
l.47 \section
             *{Timeplaner}
Not a real error.

! Preview: Snippet 3 ended.(651269+183455x22609920).
<-><->
      
l.47 \section*{Timeplaner}
                          
Not a real error.

[3]
! Preview: Snippet 4 started.
<-><->
      
l.49 \subsection
                *{Første time}
Not a real error.

! Preview: Snippet 4 ended.(542724+76440x22609920).
<-><->
      
l.49 \subsection*{Første time}
                               
Not a real error.

[4]
! Preview: Snippet 5 started.
<-><->
      
l.101 \subsection
                 *{Andre time}
Not a real error.

! Preview: Snippet 5 ended.(542724+0x22609920).
<-><->
      
l.101 \subsection*{Andre time}
                              
Not a real error.

[5]
Package atveryend Info: Empty hook `BeforeClearDocument' on input line 172.
Package atveryend Info: Empty hook `AfterLastShipout' on input line 172.
Package atveryend Info: Executing hook `AtVeryEndDocument' on input line 172.
Package atveryend Info: Empty hook `AtEndAfterFileList' on input line 172.
Package atveryend Info: Empty hook `AtVeryVeryEnd' on input line 172.
 ) 
Here is how much of TeX's memory you used:
 759 strings out of 485804
 11958 string characters out of 6038025
 195989 words of memory out of 5000000
 11345 multiletter control sequences out of 15000+600000
 13933 words of font info for 37 fonts, out of 8000000 for 9000
 1141 hyphenation exceptions out of 8191
 28i,6n,25p,217b,325s stack positions out of 5000i,500n,10000p,200000b,80000s
{/usr/share/texmf/fonts/enc/dvips/cm-super/cm-super-t1.enc}</usr/share/texmf/fonts/type1/public/cm-super/sfbx1200.pfb></usr/share/texmf/fonts/type1/public/cm-super/sfbx1440.pfb>
Output written on prob.pdf (5 pages, 27527 bytes).
PDF statistics:
 37 PDF objects out of 1000 (max. 8388607)
 27 compressed objects within 1 object stream
 5 named destinations out of 1000 (max. 500000)
 1 words of extra memory for PDF output out of 10000 (max. 10000000)

